#-----------------------------------------------------------
# Vivado v2024.1 (64-bit)
# SW Build 5076996 on Wed May 22 18:37:14 MDT 2024
# IP Build 5075265 on Wed May 22 21:45:21 MDT 2024
# SharedData Build 5076995 on Wed May 22 18:29:18 MDT 2024
# Start of session at: Tue Sep  3 22:30:06 2024
# Process ID: 11120
# Current directory: C:/Users/ronal/Desktop/AXI-4-Sobel-Edge-Detector/build
# Command line: vivado.exe -mode tcl
# Log file: C:/Users/ronal/Desktop/AXI-4-Sobel-Edge-Detector/build/vivado.log
# Journal file: C:/Users/ronal/Desktop/AXI-4-Sobel-Edge-Detector/build\vivado.jou
# Running On        :DESKTOP-S94NR5G
# Platform          :Windows Server 2016 or Windows 10
# Operating System  :19045
# Processor Detail  :AMD Ryzen 3 5425U with Radeon Graphics         
# CPU Frequency     :2695 MHz
# CPU Physical cores:4
# CPU Logical cores :8
# Host memory       :15944 MB
# Swap memory       :2952 MB
# Total Virtual     :18896 MB
# Available Virtual :10999 MB
#-----------------------------------------------------------
Vivado% exit
INFO: [Common 17-206] Exiting Vivado at Tue Sep  3 22:30:11 2024...
